[INFO ] [2023-12-22T05:21:09,113] [background-preinit] [Version] HV000001: Hibernate Validator 8.0.1.Final 
[INFO ] [2023-12-22T05:21:09,700] [main] [Application] Starting Application using Java 17.0.6 with PID 9524 (C:\Users\marcu\Desktop\dg\interview-junior\interview-infra\interview-infra-configuration\target\classes started by marcu in C:\Users\marcu\Desktop\dg\interview-junior) 
[INFO ] [2023-12-22T05:21:09,740] [main] [Application] No active profile set, falling back to 1 default profile: "default" 
[INFO ] [2023-12-22T05:21:17,299] [main] [RepositoryConfigurationDelegate] Bootstrapping Spring Data JDBC repositories in DEFAULT mode. 
[INFO ] [2023-12-22T05:21:17,712] [main] [RepositoryConfigurationDelegate] Finished Spring Data repository scanning in 381 ms. Found 0 JDBC repository interfaces. 
[INFO ] [2023-12-22T05:21:25,239] [main] [TomcatWebServer] Tomcat initialized with port 8080 (http) 
[INFO ] [2023-12-22T05:21:25,344] [main] [Http11NioProtocol] The ["http-nio-8080"] connector has been configured to support HTTP upgrade to [h2c] 
[INFO ] [2023-12-22T05:21:25,346] [main] [Http11NioProtocol] Initializing ProtocolHandler ["http-nio-8080"] 
[INFO ] [2023-12-22T05:21:25,369] [main] [StandardService] Starting service [Tomcat] 
[INFO ] [2023-12-22T05:21:25,370] [main] [StandardEngine] Starting Servlet engine: [Apache Tomcat/10.1.17] 
[INFO ] [2023-12-22T05:21:25,819] [main] [[/]] Initializing Spring embedded WebApplicationContext 
[INFO ] [2023-12-22T05:21:25,830] [main] [ServletWebServerApplicationContext] Root WebApplicationContext: initialization completed in 15287 ms 
[INFO ] [2023-12-22T05:21:26,799] [main] [HikariDataSource] HikariPool-1 - Starting... 
[INFO ] [2023-12-22T05:21:29,118] [main] [HikariPool] HikariPool-1 - Added connection org.postgresql.jdbc.PgConnection@590d6c76 
[INFO ] [2023-12-22T05:21:29,132] [main] [HikariDataSource] HikariPool-1 - Start completed. 
[INFO ] [2023-12-22T05:21:30,032] [main] [VersionPrinter] Flyway Community Edition 9.22.3 by Redgate 
[INFO ] [2023-12-22T05:21:30,033] [main] [VersionPrinter] See release notes here: https://rd.gt/416ObMi 
[INFO ] [2023-12-22T05:21:30,034] [main] [VersionPrinter]  
[INFO ] [2023-12-22T05:21:30,179] [main] [FlywayExecutor] Database: jdbc:postgresql://localhost:5432/postgres (PostgreSQL 12.17) 
[INFO ] [2023-12-22T05:21:31,772] [main] [DbValidate] Successfully validated 3 migrations (execution time 00:00.393s) 
[INFO ] [2023-12-22T05:21:31,923] [main] [DbMigrate] Current version of schema "interview_service": 1.1 
[INFO ] [2023-12-22T05:21:31,943] [main] [DbMigrate] Schema "interview_service" is up to date. No migration necessary. 
[INFO ] [2023-12-22T05:21:39,940] [main] [Http11NioProtocol] Starting ProtocolHandler ["http-nio-8080"] 
[INFO ] [2023-12-22T05:21:40,119] [main] [TomcatWebServer] Tomcat started on port 8080 (http) with context path '' 
[INFO ] [2023-12-22T05:21:40,324] [main] [Application] Started Application in 34.496 seconds (process running for 44.374) 
[INFO ] [2023-12-22T05:24:43,973] [http-nio-8080-exec-1] [[/]] Initializing Spring DispatcherServlet 'dispatcherServlet' 
[INFO ] [2023-12-22T05:24:43,974] [http-nio-8080-exec-1] [DispatcherServlet] Initializing Servlet 'dispatcherServlet' 
[INFO ] [2023-12-22T05:24:43,981] [http-nio-8080-exec-1] [DispatcherServlet] Completed initialization in 6 ms 
[INFO ] [2023-12-22T05:25:31,837] [SpringApplicationShutdownHook] [HikariDataSource] HikariPool-1 - Shutdown initiated... 
[INFO ] [2023-12-22T05:25:31,848] [SpringApplicationShutdownHook] [HikariDataSource] HikariPool-1 - Shutdown completed. 
